# JRE version: Java(TM) SE Runtime Environment (8.0_131-b11) (build 1.8.0_131-b11)
# Java VM: Java HotSpot(TM) 64-Bit Server VM (25.131-b11 mixed mode linux-amd64 compressed oops)
Heap:
 PSYoungGen      total 202240K, used 184161K [0x00000000d7100000, 0x00000000edb80000, 0x0000000100000000)
  eden space 197120K, 93% used [0x00000000d7100000,0x00000000e24d84c0,0x00000000e3180000)
  from space 5120K, 0% used [0x00000000e3180000,0x00000000e3180000,0x00000000e3680000)
  to   space 5120K, 0% used [0x00000000ed680000,0x00000000ed680000,0x00000000edb80000)
 ParOldGen       total 860160K, used 604169K [0x0000000085200000, 0x00000000b9a00000, 0x00000000d7100000)
  object space 860160K, 70% used [0x0000000085200000,0x00000000aa002578,0x00000000b9a00000)
 Metaspace       used 2582K, capacity 4490K, committed 4864K, reserved 1056768K
  class space    used 275K, capacity 386K, committed 512K, reserved 1048576K
GC Heap History (10 events):
Event: 0.337 GC heap before
{Heap before GC invocations=9 (full 4):
 PSYoungGen      total 115200K, used 5079K [0x00000000d7100000, 0x00000000e3b80000, 0x0000000100000000)
  eden space 110080K, 0% used [0x00000000d7100000,0x00000000d7100000,0x00000000ddc80000)
  from space 5120K, 99% used [0x00000000ddc80000,0x00000000de175c90,0x00000000de180000)
  to   space 5120K, 0% used [0x00000000e3680000,0x00000000e3680000,0x00000000e3b80000)
 ParOldGen       total 318464K, used 294107K [0x0000000085200000, 0x0000000098900000, 0x00000000d7100000)
  object space 318464K, 92% used [0x0000000085200000,0x0000000097136d78,0x0000000098900000)
 Metaspace       used 2501K, capacity 4486K, committed 4864K, reserved 1056768K
  class space    used 269K, capacity 386K, committed 512K, reserved 1048576K
Event: 0.346 GC heap after
Heap after GC invocations=9 (full 4):
 PSYoungGen      total 115200K, used 0K [0x00000000d7100000, 0x00000000e3b80000, 0x0000000100000000)
  eden space 110080K, 0% used [0x00000000d7100000,0x00000000d7100000,0x00000000ddc80000)
  from space 5120K, 0% used [0x00000000ddc80000,0x00000000ddc80000,0x00000000de180000)
  to   space 5120K, 0% used [0x00000000e3680000,0x00000000e3680000,0x00000000e3b80000)
 ParOldGen       total 471552K, used 299186K [0x0000000085200000, 0x00000000a1e80000, 0x00000000d7100000)
  object space 471552K, 63% used [0x0000000085200000,0x000000009762ca08,0x00000000a1e80000)
 Metaspace       used 2501K, capacity 4486K, committed 4864K, reserved 1056768K
  class space    used 269K, capacity 386K, committed 512K, reserved 1048576K
}
Event: 0.363 GC heap before
{Heap before GC invocations=10 (full 4):
 PSYoungGen      total 115200K, used 110028K [0x00000000d7100000, 0x00000000e3b80000, 0x0000000100000000)
  eden space 110080K, 99% used [0x00000000d7100000,0x00000000ddc73210,0x00000000ddc80000)
  from space 5120K, 0% used [0x00000000ddc80000,0x00000000ddc80000,0x00000000de180000)
  to   space 5120K, 0% used [0x00000000e3680000,0x00000000e3680000,0x00000000e3b80000)
 ParOldGen       total 471552K, used 299186K [0x0000000085200000, 0x00000000a1e80000, 0x00000000d7100000)
  object space 471552K, 63% used [0x0000000085200000,0x000000009762ca08,0x00000000a1e80000)
 Metaspace       used 2501K, capacity 4486K, committed 4864K, reserved 1056768K
  class space    used 269K, capacity 386K, committed 512K, reserved 1048576K
Event: 0.429 GC heap after
Heap after GC invocations=10 (full 4):
 PSYoungGen      total 202240K, used 5079K [0x00000000d7100000, 0x00000000e3e00000, 0x0000000100000000)
  eden space 197120K, 0% used [0x00000000d7100000,0x00000000d7100000,0x00000000e3180000)
  from space 5120K, 99% used [0x00000000e3680000,0x00000000e3b75c90,0x00000000e3b80000)
  to   space 5120K, 0% used [0x00000000e3180000,0x00000000e3180000,0x00000000e3680000)
 ParOldGen       total 471552K, used 403973K [0x0000000085200000, 0x00000000a1e80000, 0x00000000d7100000)
  object space 471552K, 85% used [0x0000000085200000,0x000000009dc81458,0x00000000a1e80000)
 Metaspace       used 2501K, capacity 4486K, committed 4864K, reserved 1056768K
  class space    used 269K, capacity 386K, committed 512K, reserved 1048576K
}
Event: 0.429 GC heap before
{Heap before GC invocations=11 (full 5):
 PSYoungGen      total 202240K, used 5079K [0x00000000d7100000, 0x00000000e3e00000, 0x0000000100000000)
  eden space 197120K, 0% used [0x00000000d7100000,0x00000000d7100000,0x00000000e3180000)
  from space 5120K, 99% used [0x00000000e3680000,0x00000000e3b75c90,0x00000000e3b80000)
  to   space 5120K, 0% used [0x00000000e3180000,0x00000000e3180000,0x00000000e3680000)
 ParOldGen       total 471552K, used 403973K [0x0000000085200000, 0x00000000a1e80000, 0x00000000d7100000)
  object space 471552K, 85% used [0x0000000085200000,0x000000009dc81458,0x00000000a1e80000)
 Metaspace       used 2501K, capacity 4486K, committed 4864K, reserved 1056768K
  class space    used 269K, capacity 386K, committed 512K, reserved 1048576K
Event: 0.439 GC heap after
Heap after GC invocations=11 (full 5):
 PSYoungGen      total 202240K, used 0K [0x00000000d7100000, 0x00000000e3e00000, 0x0000000100000000)
  eden space 197120K, 0% used [0x00000000d7100000,0x00000000d7100000,0x00000000e3180000)
  from space 5120K, 0% used [0x00000000e3680000,0x00000000e3680000,0x00000000e3b80000)
  to   space 5120K, 0% used [0x00000000e3180000,0x00000000e3180000,0x00000000e3680000)
 ParOldGen       total 605696K, used 409052K [0x0000000085200000, 0x00000000aa180000, 0x00000000d7100000)
  object space 605696K, 67% used [0x0000000085200000,0x000000009e1770e8,0x00000000aa180000)
 Metaspace       used 2501K, capacity 4486K, committed 4864K, reserved 1056768K
  class space    used 269K, capacity 386K, committed 512K, reserved 1048576K
}
Event: 0.475 GC heap before
{Heap before GC invocations=12 (full 5):
 PSYoungGen      total 202240K, used 197120K [0x00000000d7100000, 0x00000000e3e00000, 0x0000000100000000)
  eden space 197120K, 100% used [0x00000000d7100000,0x00000000e3180000,0x00000000e3180000)
  from space 5120K, 0% used [0x00000000e3680000,0x00000000e3680000,0x00000000e3b80000)
  to   space 5120K, 0% used [0x00000000e3180000,0x00000000e3180000,0x00000000e3680000)
 ParOldGen       total 605696K, used 409052K [0x0000000085200000, 0x00000000aa180000, 0x00000000d7100000)
  object space 605696K, 67% used [0x0000000085200000,0x000000009e1770e8,0x00000000aa180000)
 Metaspace       used 2501K, capacity 4486K, committed 4864K, reserved 1056768K
  class space    used 269K, capacity 386K, committed 512K, reserved 1048576K
Event: 0.602 GC heap after
Heap after GC invocations=12 (full 5):
 PSYoungGen      total 202240K, used 5079K [0x00000000d7100000, 0x00000000edb80000, 0x0000000100000000)
  eden space 197120K, 0% used [0x00000000d7100000,0x00000000d7100000,0x00000000e3180000)
  from space 5120K, 99% used [0x00000000e3180000,0x00000000e3675c90,0x00000000e3680000)
  to   space 5120K, 0% used [0x00000000ed680000,0x00000000ed680000,0x00000000edb80000)
 ParOldGen       total 605696K, used 599090K [0x0000000085200000, 0x00000000aa180000, 0x00000000d7100000)
  object space 605696K, 98% used [0x0000000085200000,0x00000000a9b0c8e8,0x00000000aa180000)
 Metaspace       used 2501K, capacity 4486K, committed 4864K, reserved 1056768K
  class space    used 269K, capacity 386K, committed 512K, reserved 1048576K
}
Event: 0.602 GC heap before
{Heap before GC invocations=13 (full 6):
 PSYoungGen      total 202240K, used 5079K [0x00000000d7100000, 0x00000000edb80000, 0x0000000100000000)
  eden space 197120K, 0% used [0x00000000d7100000,0x00000000d7100000,0x00000000e3180000)
  from space 5120K, 99% used [0x00000000e3180000,0x00000000e3675c90,0x00000000e3680000)
  to   space 5120K, 0% used [0x00000000ed680000,0x00000000ed680000,0x00000000edb80000)
 ParOldGen       total 605696K, used 599090K [0x0000000085200000, 0x00000000aa180000, 0x00000000d7100000)
  object space 605696K, 98% used [0x0000000085200000,0x00000000a9b0c8e8,0x00000000aa180000)
 Metaspace       used 2501K, capacity 4486K, committed 4864K, reserved 1056768K
  class space    used 269K, capacity 386K, committed 512K, reserved 1048576K
Event: 0.617 GC heap after
Heap after GC invocations=13 (full 6):
 PSYoungGen      total 202240K, used 0K [0x00000000d7100000, 0x00000000edb80000, 0x0000000100000000)
  eden space 197120K, 0% used [0x00000000d7100000,0x00000000d7100000,0x00000000e3180000)
  from space 5120K, 0% used [0x00000000e3180000,0x00000000e3180000,0x00000000e3680000)
  to   space 5120K, 0% used [0x00000000ed680000,0x00000000ed680000,0x00000000edb80000)
 ParOldGen       total 860160K, used 604169K [0x0000000085200000, 0x00000000b9a00000, 0x00000000d7100000)
  object space 860160K, 70% used [0x0000000085200000,0x00000000aa002578,0x00000000b9a00000)
 Metaspace       used 2501K, capacity 4486K, committed 4864K, reserved 1056768K
  class space    used 269K, capacity 386K, committed 512K, reserved 1048576K
}

